<?xml version="1.0" encoding="UTF-8"?>
<!-- Generated by org.testng.reporters.JUnitReportReporter -->
<testsuite hostname="pranaybolla" failures="0" tests="2" name="testNg_apache.UsingAnnotations1" time="8.225" errors="1" timestamp="2021-10-28T16:52:10 IST" skipped="1">
  <testcase classname="testNg_apache.UsingAnnotations1" name="OpeningBrowser" time="8.225">
    <error message="session not created: This version of ChromeDriver only supports Chrome version 93
Current browser version is 95.0.4638.54 with binary path C:\Program Files (x86)\Google\Chrome\Application\chrome.exe
Build info: version: &#039;3.141.59&#039;, revision: &#039;e82be7d358&#039;, time: &#039;2018-11-14T08:25:48&#039;
System info: host: &#039;PRANAYBOLLA&#039;, ip: &#039;192.168.0.8&#039;, os.name: &#039;Windows 10&#039;, os.arch: &#039;amd64&#039;, os.version: &#039;10.0&#039;, java.version: &#039;15.0.1&#039;
Driver info: driver.version: ChromeDriver
remote stacktrace: Backtrace:
	Ordinal0 [0x0041D403+2479107]
	Ordinal0 [0x003B7D51+2063697]
	Ordinal0 [0x002C20C8+1056968]
	Ordinal0 [0x002E043A+1180730]
	Ordinal0 [0x002DC355+1164117]
	Ordinal0 [0x002D9B7F+1153919]
	Ordinal0 [0x00309CBF+1350847]
	Ordinal0 [0x0030992A+1349930]
	Ordinal0 [0x0030583B+1333307]
	Ordinal0 [0x002E1F94+1187732]
	Ordinal0 [0x002E2DE9+1191401]
	GetHandleVerifier [0x0059F3F6+1531734]
	GetHandleVerifier [0x0064E9AE+2249998]
	GetHandleVerifier [0x004A39AB+501003]
	GetHandleVerifier [0x004A2A29+497033]
	Ordinal0 [0x003BD11D+2085149]
	Ordinal0 [0x003C11C8+2101704]
	Ordinal0 [0x003C1302+2102018]
	Ordinal0 [0x003CAA71+2140785]
	BaseThreadInitThunk [0x7650FA29+25]
	RtlGetAppContainerNamedObjectPath [0x77677A9E+286]
	RtlGetAppContainerNamedObjectPath [0x77677A6E+238]
" type="org.openqa.selenium.SessionNotCreatedException">
      <![CDATA[org.openqa.selenium.SessionNotCreatedException: session not created: This version of ChromeDriver only supports Chrome version 93
Current browser version is 95.0.4638.54 with binary path C:\Program Files (x86)\Google\Chrome\Application\chrome.exe
Build info: version: '3.141.59', revision: 'e82be7d358', time: '2018-11-14T08:25:48'
System info: host: 'PRANAYBOLLA', ip: '192.168.0.8', os.name: 'Windows 10', os.arch: 'amd64', os.version: '10.0', java.version: '15.0.1'
Driver info: driver.version: ChromeDriver
remote stacktrace: Backtrace:
Ordinal0 [0x0041D403+2479107]
Ordinal0 [0x003B7D51+2063697]
Ordinal0 [0x002C20C8+1056968]
Ordinal0 [0x002E043A+1180730]
Ordinal0 [0x002DC355+1164117]
Ordinal0 [0x002D9B7F+1153919]
Ordinal0 [0x00309CBF+1350847]
Ordinal0 [0x0030992A+1349930]
Ordinal0 [0x0030583B+1333307]
Ordinal0 [0x002E1F94+1187732]
Ordinal0 [0x002E2DE9+1191401]
GetHandleVerifier [0x0059F3F6+1531734]
GetHandleVerifier [0x0064E9AE+2249998]
GetHandleVerifier [0x004A39AB+501003]
GetHandleVerifier [0x004A2A29+497033]
Ordinal0 [0x003BD11D+2085149]
Ordinal0 [0x003C11C8+2101704]
Ordinal0 [0x003C1302+2102018]
Ordinal0 [0x003CAA71+2140785]
BaseThreadInitThunk [0x7650FA29+25]
RtlGetAppContainerNamedObjectPath [0x77677A9E+286]
RtlGetAppContainerNamedObjectPath [0x77677A6E+238]

at java.base/jdk.internal.reflect.NativeConstructorAccessorImpl.newInstance0(Native Method)
at java.base/jdk.internal.reflect.NativeConstructorAccessorImpl.newInstance(NativeConstructorAccessorImpl.java:64)
at java.base/jdk.internal.reflect.DelegatingConstructorAccessorImpl.newInstance(DelegatingConstructorAccessorImpl.java:45)
at java.base/java.lang.reflect.Constructor.newInstanceWithCaller(Constructor.java:500)
at java.base/java.lang.reflect.Constructor.newInstance(Constructor.java:481)
at org.openqa.selenium.remote.W3CHandshakeResponse.lambda$errorHandler$0(W3CHandshakeResponse.java:62)
at org.openqa.selenium.remote.HandshakeResponse.lambda$getResponseFunction$0(HandshakeResponse.java:30)
at org.openqa.selenium.remote.ProtocolHandshake.lambda$createSession$0(ProtocolHandshake.java:126)
at java.base/java.util.stream.ReferencePipeline$3$1.accept(ReferencePipeline.java:195)
at java.base/java.util.Spliterators$ArraySpliterator.tryAdvance(Spliterators.java:958)
at java.base/java.util.stream.ReferencePipeline.forEachWithCancel(ReferencePipeline.java:127)
at java.base/java.util.stream.AbstractPipeline.copyIntoWithCancel(AbstractPipeline.java:502)
at java.base/java.util.stream.AbstractPipeline.copyInto(AbstractPipeline.java:488)
at java.base/java.util.stream.AbstractPipeline.wrapAndCopyInto(AbstractPipeline.java:474)
at java.base/java.util.stream.FindOps$FindOp.evaluateSequential(FindOps.java:150)
at java.base/java.util.stream.AbstractPipeline.evaluate(AbstractPipeline.java:234)
at java.base/java.util.stream.ReferencePipeline.findFirst(ReferencePipeline.java:543)
at org.openqa.selenium.remote.ProtocolHandshake.createSession(ProtocolHandshake.java:128)
at org.openqa.selenium.remote.ProtocolHandshake.createSession(ProtocolHandshake.java:74)
at org.openqa.selenium.remote.HttpCommandExecutor.execute(HttpCommandExecutor.java:136)
at org.openqa.selenium.remote.service.DriverCommandExecutor.execute(DriverCommandExecutor.java:83)
at org.openqa.selenium.remote.RemoteWebDriver.execute(RemoteWebDriver.java:552)
at org.openqa.selenium.remote.RemoteWebDriver.startSession(RemoteWebDriver.java:213)
at org.openqa.selenium.remote.RemoteWebDriver.<init>(RemoteWebDriver.java:131)
at org.openqa.selenium.chrome.ChromeDriver.<init>(ChromeDriver.java:181)
at org.openqa.selenium.chrome.ChromeDriver.<init>(ChromeDriver.java:168)
at org.openqa.selenium.chrome.ChromeDriver.<init>(ChromeDriver.java:123)
at testNg_apache.BrowserFactory.OpeningBrowser(BrowserFactory.java:17)
at java.base/jdk.internal.reflect.NativeMethodAccessorImpl.invoke0(Native Method)
at java.base/jdk.internal.reflect.NativeMethodAccessorImpl.invoke(NativeMethodAccessorImpl.java:64)
at java.base/jdk.internal.reflect.DelegatingMethodAccessorImpl.invoke(DelegatingMethodAccessorImpl.java:43)
at java.base/java.lang.reflect.Method.invoke(Method.java:564)
at org.testng.internal.MethodInvocationHelper.invokeMethod(MethodInvocationHelper.java:133)
at org.testng.internal.MethodInvocationHelper.invokeMethodConsideringTimeout(MethodInvocationHelper.java:62)
at org.testng.internal.ConfigInvoker.invokeConfigurationMethod(ConfigInvoker.java:385)
at org.testng.internal.ConfigInvoker.invokeConfigurations(ConfigInvoker.java:321)
at org.testng.TestRunner.invokeTestConfigurations(TestRunner.java:637)
at org.testng.TestRunner.beforeRun(TestRunner.java:627)
at org.testng.TestRunner.run(TestRunner.java:589)
at org.testng.SuiteRunner.runTest(SuiteRunner.java:377)
at org.testng.SuiteRunner.runSequentially(SuiteRunner.java:371)
at org.testng.SuiteRunner.privateRun(SuiteRunner.java:332)
at org.testng.SuiteRunner.run(SuiteRunner.java:276)
at org.testng.SuiteRunnerWorker.runSuite(SuiteRunnerWorker.java:53)
at org.testng.SuiteRunnerWorker.run(SuiteRunnerWorker.java:96)
at org.testng.TestNG.runSuitesSequentially(TestNG.java:1212)
at org.testng.TestNG.runSuitesLocally(TestNG.java:1134)
at org.testng.TestNG.runSuites(TestNG.java:1063)
at org.testng.TestNG.run(TestNG.java:1031)
at org.testng.remote.AbstractRemoteTestNG.run(AbstractRemoteTestNG.java:115)
at org.testng.remote.RemoteTestNG.initAndRun(RemoteTestNG.java:251)
at org.testng.remote.RemoteTestNG.main(RemoteTestNG.java:77)
]]>
    </error>
  </testcase> <!-- OpeningBrowser -->
  <system-out/>
  <testcase classname="testNg_apache.UsingAnnotations1" name="Searchingoogle" time="0.000">
    <skipped/>
  </testcase> <!-- Searchingoogle -->
  <system-out/>
</testsuite> <!-- testNg_apache.UsingAnnotations1 -->
